0 info it worked if it ends with ok
1 verbose cli [ '/home/pfk/.nvm/versions/node/v5.1.1/bin/node',
1 verbose cli   '/home/pfk/.nvm/versions/node/v5.1.1/bin/npm',
1 verbose cli   'run',
1 verbose cli   'node:dev' ]
2 info using npm@3.5.3
3 info using node@v5.1.1
4 verbose run-script [ 'prenode:dev', 'node:dev', 'postnode:dev' ]
5 info lifecycle pfk-app@0.0.1~prenode:dev: pfk-app@0.0.1
6 silly lifecycle pfk-app@0.0.1~prenode:dev: no script for prenode:dev, continuing
7 info lifecycle pfk-app@0.0.1~node:dev: pfk-app@0.0.1
8 verbose lifecycle pfk-app@0.0.1~node:dev: unsafe-perm in lifecycle true
9 verbose lifecycle pfk-app@0.0.1~node:dev: PATH: /home/pfk/.nvm/versions/node/v5.1.1/lib/node_modules/npm/bin/node-gyp-bin:/home/pfk/Work/app-template/node_modules/.bin:/home/pfk/.nvm/versions/node/v5.1.1/lib/node_modules/npm/bin/node-gyp-bin:/home/pfk/Work/app-template/node_modules/.bin:/home/pfk/.nvm/versions/node/v5.1.1/lib/node_modules/npm/bin/node-gyp-bin:/home/pfk/Work/app-template/node_modules/.bin:/home/pfk/bin:/home/pfk/.nvm/versions/node/v5.1.1/bin:/usr/local/bin:/usr/bin:/bin:/usr/local/games:/usr/games
10 verbose lifecycle pfk-app@0.0.1~node:dev: CWD: /home/pfk/Work/app-template
11 silly lifecycle pfk-app@0.0.1~node:dev: Args: [ '-c',
11 silly lifecycle   'echo \'*** (RE)STARTING SERVER ***\' && babel-node server/main.js' ]
12 silly lifecycle pfk-app@0.0.1~node:dev: Returned: code: 1  signal: null
13 info lifecycle pfk-app@0.0.1~node:dev: Failed to exec node:dev script
14 verbose stack Error: pfk-app@0.0.1 node:dev: `echo '*** (RE)STARTING SERVER ***' && babel-node server/main.js`
14 verbose stack Exit status 1
14 verbose stack     at EventEmitter.<anonymous> (/home/pfk/.nvm/versions/node/v5.1.1/lib/node_modules/npm/lib/utils/lifecycle.js:232:16)
14 verbose stack     at emitTwo (events.js:87:13)
14 verbose stack     at EventEmitter.emit (events.js:172:7)
14 verbose stack     at ChildProcess.<anonymous> (/home/pfk/.nvm/versions/node/v5.1.1/lib/node_modules/npm/lib/utils/spawn.js:24:14)
14 verbose stack     at emitTwo (events.js:87:13)
14 verbose stack     at ChildProcess.emit (events.js:172:7)
14 verbose stack     at maybeClose (internal/child_process.js:818:16)
14 verbose stack     at Process.ChildProcess._handle.onexit (internal/child_process.js:211:5)
15 verbose pkgid pfk-app@0.0.1
16 verbose cwd /home/pfk/Work/app-template
17 error Linux 3.16.0-4-amd64
18 error argv "/home/pfk/.nvm/versions/node/v5.1.1/bin/node" "/home/pfk/.nvm/versions/node/v5.1.1/bin/npm" "run" "node:dev"
19 error node v5.1.1
20 error npm  v3.5.3
21 error code ELIFECYCLE
22 error pfk-app@0.0.1 node:dev: `echo '*** (RE)STARTING SERVER ***' && babel-node server/main.js`
22 error Exit status 1
23 error Failed at the pfk-app@0.0.1 node:dev script 'echo '*** (RE)STARTING SERVER ***' && babel-node server/main.js'.
23 error Make sure you have the latest version of node.js and npm installed.
23 error If you do, this is most likely a problem with the pfk-app package,
23 error not with npm itself.
23 error Tell the author that this fails on your system:
23 error     echo '*** (RE)STARTING SERVER ***' && babel-node server/main.js
23 error You can get information on how to open an issue for this project with:
23 error     npm bugs pfk-app
23 error Or if that isn't available, you can get their info via:
23 error     npm owner ls pfk-app
23 error There is likely additional logging output above.
24 verbose exit [ 1, true ]
